app/build/intermediates/manifest_merge_blame_file/release/manifest-merger-blame-release-report.txt
1<?xml version="1.0" encoding="utf-8"?>
2<manifest xmlns:android="http://schemas.android.com/apk/res/android"
3    package="tanglemaster3D.tangle.guide"
4    android:versionCode="4"
5    android:versionName="1.0.3" >
6
7    <uses-sdk
8        android:minSdkVersion="16"
8-->src\main\AndroidManifest.xml
9        android:targetSdkVersion="29" />
9-->src\main\AndroidManifest.xml
10
11    <uses-permission android:name="android.permission.INTERNET" />
11-->src\main\AndroidManifest.xml:7:5-67
11-->src\main\AndroidManifest.xml:7:22-64
12    <uses-permission android:name="android.permission.ACCESS_NETWORK_STATE" />
12-->src\main\AndroidManifest.xml:8:5-78
12-->src\main\AndroidManifest.xml:8:22-76
13    <uses-permission android:name="android.permission.WAKE_LOCK" />
13-->[com.google.android.gms:play-services-measurement-sdk-api:17.1.0] AndroidManifest.xml:25:5-68
13-->[com.google.android.gms:play-services-measurement-sdk-api:17.1.0] AndroidManifest.xml:25:22-65
14
15    <application
15-->src\main\AndroidManifest.xml:11:5-41:19
16        android:allowBackup="true"
16-->src\main\AndroidManifest.xml:12:9-35
17        android:appComponentFactory="androidx.core.app.CoreComponentFactory"
17-->[androidx.core:core:1.1.0] AndroidManifest.xml:24:18-86
18        android:icon="@mipmap/ic_launcher"
18-->src\main\AndroidManifest.xml:13:9-43
19        android:label="@string/app_name"
19-->src\main\AndroidManifest.xml:14:9-41
20        android:roundIcon="@mipmap/ic_launcher_round"
20-->src\main\AndroidManifest.xml:15:9-54
21        android:supportsRtl="true"
21-->src\main\AndroidManifest.xml:16:9-35
22        android:theme="@style/AppTheme" >
22-->src\main\AndroidManifest.xml:17:9-40
23
24        <!-- Sample AdMob App ID: ca-app-pub-3940256099942544~3347511713 -->
25        <meta-data
25-->src\main\AndroidManifest.xml:19:9-21:69
26            android:name="com.google.android.gms.ads.APPLICATION_ID"
26-->src\main\AndroidManifest.xml:20:13-69
27            android:value="ca-app-pub-9916013140756269~9527507329" />
27-->src\main\AndroidManifest.xml:21:13-67
28        <!-- Sample -->
29        <!-- android:value="ca-app-pub-3940256099942544~3347511713"/> -->
30
31        <activity
31-->src\main\AndroidManifest.xml:25:9-35:20
32            android:name="tanglemaster3D.tangle.guide.view.MainActivity"
32-->src\main\AndroidManifest.xml:26:13-73
33            android:label="@string/app_name"
33-->src\main\AndroidManifest.xml:27:13-45
34            android:theme="@style/AppTheme.NoActionBar" >
34-->src\main\AndroidManifest.xml:28:13-56
35            <intent-filter>
35-->src\main\AndroidManifest.xml:30:13-34:29
36                <action android:name="android.intent.action.MAIN" />
36-->src\main\AndroidManifest.xml:31:17-69
36-->src\main\AndroidManifest.xml:31:25-66
37
38                <category android:name="android.intent.category.LAUNCHER" />
38-->src\main\AndroidManifest.xml:33:17-77
38-->src\main\AndroidManifest.xml:33:27-74
39            </intent-filter>
40        </activity>
41        <activity android:name="tanglemaster3D.tangle.guide.view.WebViewActivity" />
41-->src\main\AndroidManifest.xml:36:9-84
41-->src\main\AndroidManifest.xml:36:19-82
42        <activity android:name="tanglemaster3D.tangle.guide.view.WebViewActivity2" />
42-->src\main\AndroidManifest.xml:37:9-85
42-->src\main\AndroidManifest.xml:37:19-83
43        <activity android:name="tanglemaster3D.tangle.guide.view.WebViewActivity3" />
43-->src\main\AndroidManifest.xml:38:9-85
43-->src\main\AndroidManifest.xml:38:19-83
44        <activity android:name="tanglemaster3D.tangle.guide.view.WebViewActivity4" />
44-->src\main\AndroidManifest.xml:39:9-85
44-->src\main\AndroidManifest.xml:39:19-83
45        <activity android:name="tanglemaster3D.tangle.guide.view.Support" />
45-->src\main\AndroidManifest.xml:40:9-76
45-->src\main\AndroidManifest.xml:40:19-74
46        <!-- Include the AdActivity and InAppPurchaseActivity configChanges and themes. -->
47        <activity
47-->[com.google.android.gms:play-services-ads-lite:19.2.0] AndroidManifest.xml:29:9-33:64
48            android:name="com.google.android.gms.ads.AdActivity"
48-->[com.google.android.gms:play-services-ads-lite:19.2.0] AndroidManifest.xml:30:13-65
49            android:configChanges="keyboard|keyboardHidden|orientation|screenLayout|uiMode|screenSize|smallestScreenSize"
49-->[com.google.android.gms:play-services-ads-lite:19.2.0] AndroidManifest.xml:31:13-122
50            android:exported="false"
50-->[com.google.android.gms:play-services-ads-lite:19.2.0] AndroidManifest.xml:32:13-37
51            android:theme="@android:style/Theme.Translucent" />
51-->[com.google.android.gms:play-services-ads-lite:19.2.0] AndroidManifest.xml:33:13-61
52
53        <provider
53-->[com.google.android.gms:play-services-ads-lite:19.2.0] AndroidManifest.xml:35:9-39:39
54            android:name="com.google.android.gms.ads.MobileAdsInitProvider"
54-->[com.google.android.gms:play-services-ads-lite:19.2.0] AndroidManifest.xml:36:13-76
55            android:authorities="tanglemaster3D.tangle.guide.mobileadsinitprovider"
55-->[com.google.android.gms:play-services-ads-lite:19.2.0] AndroidManifest.xml:37:13-73
56            android:exported="false"
56-->[com.google.android.gms:play-services-ads-lite:19.2.0] AndroidManifest.xml:38:13-37
57            android:initOrder="100" />
57-->[com.google.android.gms:play-services-ads-lite:19.2.0] AndroidManifest.xml:39:13-36
58
59        <meta-data
59-->[com.google.android.gms:play-services-basement:17.0.0] AndroidManifest.xml:23:9-25:69
60            android:name="com.google.android.gms.version"
60-->[com.google.android.gms:play-services-basement:17.0.0] AndroidManifest.xml:24:13-58
61            android:value="@integer/google_play_services_version" />
61-->[com.google.android.gms:play-services-basement:17.0.0] AndroidManifest.xml:25:13-66
62    </application>
63
64</manifest>